<?xml version="1.0" encoding="UTF-8"?>
<!-- Generated by org.testng.reporters.JUnitXMLReporter -->
<testsuite hostname="Vishal-PC" name="Default test" tests="4" failures="0" timestamp="5 Jun 2016 23:33:09 GMT" time="8.034" errors="0">
  <testcase name="testDataValue" time="6.876" classname="com.http.test.test_engg_assignment.HttpGetMethodTest"/>
  <testcase name="testOrigin" time="0.306" classname="com.http.test.test_engg_assignment.HttpGetMethodTest"/>
  <testcase name="testUrlElement" time="0.359" classname="com.http.test.test_engg_assignment.HttpGetMethodTest"/>
  <testcase name="testjsonPrint" time="0.371" classname="com.http.test.test_engg_assignment.HttpGetMethodTest"/>
</testsuite> <!-- Default test -->
