<?xml version="1.0" encoding="UTF-8"?>
<!-- Generated by org.testng.reporters.JUnitXMLReporter -->
<testsuite hostname="Vishal-PC" name="Default test" tests="2" failures="0" timestamp="5 Jun 2016 05:31:20 GMT" time="8.059" errors="0">
  <testcase name="testRepsponseHeaders" time="5.345" classname="com.http.test.test_engg_assignment.HttpHeaderMethod"/>
  <testcase name="testRequesteHeaders" time="2.626" classname="com.http.test.test_engg_assignment.HttpHeaderMethod"/>
</testsuite> <!-- Default test -->
