<?xml version="1.0" encoding="UTF-8"?>
<!-- Generated by org.testng.reporters.JUnitXMLReporter -->
<testsuite hostname="Vishal-PC" name="all-tests" tests="9" failures="0" timestamp="6 Jun 2016 05:06:13 GMT" time="9.747" errors="0">
  <testcase name="testDataValue" time="6.488" classname="com.http.test.test_engg_assignment.HttpGetMethodTest"/>
  <testcase name="testOrigin" time="0.271" classname="com.http.test.test_engg_assignment.HttpGetMethodTest"/>
  <testcase name="testUrlElement" time="0.362" classname="com.http.test.test_engg_assignment.HttpGetMethodTest"/>
  <testcase name="testRequesteHeaders" time="0.324" classname="com.http.test.test_engg_assignment.HttpHeaderMethod"/>
  <testcase name="testResponseHeaders" time="0.211" classname="com.http.test.test_engg_assignment.HttpHeaderMethod"/>
  <testcase name="testPostEmpNameJson" time="1.209" classname="com.http.test.test_engg_assignment.HttpPostMethodTest"/>
  <testcase name="testPostEmpSalJson" time="0.242" classname="com.http.test.test_engg_assignment.HttpPostMethodTest"/>
  <testcase name="testPostFormData" time="0.271" classname="com.http.test.test_engg_assignment.HttpPostMethodTest"/>
  <testcase name="testPostJson" time="0.232" classname="com.http.test.test_engg_assignment.HttpPostMethodTest"/>
</testsuite> <!-- all-tests -->
