<?xml version="1.0" encoding="UTF-8"?>
<!-- Generated by org.testng.reporters.JUnitXMLReporter -->
<testsuite hostname="Vishal-PC" name="all-tests" tests="9" failures="0" timestamp="6 Jun 2016 22:33:48 GMT" time="10.676" errors="0">
  <testcase name="testDataValue" time="6.801" classname="com.http.test.test_engg_assignment.HttpGetMethodTest"/>
  <testcase name="testOrigin" time="0.291" classname="com.http.test.test_engg_assignment.HttpGetMethodTest"/>
  <testcase name="testUrlElement" time="0.265" classname="com.http.test.test_engg_assignment.HttpGetMethodTest"/>
  <testcase name="testRequesteHeaders" time="0.289" classname="com.http.test.test_engg_assignment.HttpHeaderMethod"/>
  <testcase name="testResponseHeaders" time="0.207" classname="com.http.test.test_engg_assignment.HttpHeaderMethod"/>
  <testcase name="testPostEmpNameJson" time="1.252" classname="com.http.test.test_engg_assignment.HttpPostMethodTest"/>
  <testcase name="testPostEmpSalJson" time="0.287" classname="com.http.test.test_engg_assignment.HttpPostMethodTest"/>
  <testcase name="testPostFormData" time="0.394" classname="com.http.test.test_engg_assignment.HttpPostMethodTest"/>
  <testcase name="testPostJson" time="0.325" classname="com.http.test.test_engg_assignment.HttpPostMethodTest"/>
</testsuite> <!-- all-tests -->
