<?xml version="1.0" encoding="UTF-8"?>
<!-- Generated by org.testng.reporters.JUnitXMLReporter -->
<testsuite hostname="Vishal-PC" name="Command line test" tests="7" failures="0" timestamp="6 Jun 2016 19:50:07 GMT" time="12.067" errors="0">
  <testcase name="testDataValue" time="8.892" classname="com.http.test.test_engg_assignment.HttpGetMethodTest"/>
  <testcase name="testOrigin" time="0.411" classname="com.http.test.test_engg_assignment.HttpGetMethodTest"/>
  <testcase name="testUrlElement" time="0.402" classname="com.http.test.test_engg_assignment.HttpGetMethodTest"/>
  <testcase name="testPostEmpNameJson" time="1.575" classname="com.http.test.test_engg_assignment.HttpPostMethodTest"/>
  <testcase name="testPostEmpSalJson" time="0.304" classname="com.http.test.test_engg_assignment.HttpPostMethodTest"/>
  <testcase name="testPostFormData" time="0.224" classname="com.http.test.test_engg_assignment.HttpPostMethodTest"/>
  <testcase name="testPostJson" time="0.225" classname="com.http.test.test_engg_assignment.HttpPostMethodTest"/>
</testsuite> <!-- Command line test -->
